running egg_info
creating ../../build/map_robot/map_robot.egg-info
writing ../../build/map_robot/map_robot.egg-info/PKG-INFO
writing dependency_links to ../../build/map_robot/map_robot.egg-info/dependency_links.txt
writing entry points to ../../build/map_robot/map_robot.egg-info/entry_points.txt
writing requirements to ../../build/map_robot/map_robot.egg-info/requires.txt
writing top-level names to ../../build/map_robot/map_robot.egg-info/top_level.txt
writing manifest file '../../build/map_robot/map_robot.egg-info/SOURCES.txt'
reading manifest file '../../build/map_robot/map_robot.egg-info/SOURCES.txt'
writing manifest file '../../build/map_robot/map_robot.egg-info/SOURCES.txt'
running build
running build_py
creating /home/oubaid/ros2_ws/build/map_robot/build
creating /home/oubaid/ros2_ws/build/map_robot/build/lib
creating /home/oubaid/ros2_ws/build/map_robot/build/lib/map_robot
copying map_robot/__init__.py -> /home/oubaid/ros2_ws/build/map_robot/build/lib/map_robot
copying map_robot/ultrasonic_to_laserscan.py -> /home/oubaid/ros2_ws/build/map_robot/build/lib/map_robot
running install
running install_lib
creating /home/oubaid/ros2_ws/install/map_robot/lib/python3.10/site-packages/map_robot
copying /home/oubaid/ros2_ws/build/map_robot/build/lib/map_robot/__init__.py -> /home/oubaid/ros2_ws/install/map_robot/lib/python3.10/site-packages/map_robot
copying /home/oubaid/ros2_ws/build/map_robot/build/lib/map_robot/ultrasonic_to_laserscan.py -> /home/oubaid/ros2_ws/install/map_robot/lib/python3.10/site-packages/map_robot
byte-compiling /home/oubaid/ros2_ws/install/map_robot/lib/python3.10/site-packages/map_robot/__init__.py to __init__.cpython-310.pyc
byte-compiling /home/oubaid/ros2_ws/install/map_robot/lib/python3.10/site-packages/map_robot/ultrasonic_to_laserscan.py to ultrasonic_to_laserscan.cpython-310.pyc
running install_data
creating /home/oubaid/ros2_ws/install/map_robot/share/ament_index
creating /home/oubaid/ros2_ws/install/map_robot/share/ament_index/resource_index
creating /home/oubaid/ros2_ws/install/map_robot/share/ament_index/resource_index/packages
copying resource/map_robot -> /home/oubaid/ros2_ws/install/map_robot/share/ament_index/resource_index/packages
copying package.xml -> /home/oubaid/ros2_ws/install/map_robot/share/map_robot
running install_egg_info
Copying ../../build/map_robot/map_robot.egg-info to /home/oubaid/ros2_ws/install/map_robot/lib/python3.10/site-packages/map_robot-0.0.0-py3.10.egg-info
running install_scripts
writing list of installed files to '/home/oubaid/ros2_ws/build/map_robot/install.log'
